# Trading infomation

2018-03-30 15:21:12.419603
2018-03-30 15:45:00 Buy with price: 0.00585163
Calculate balance is: Symbol: 17.089255472406833 | Coin : 0

2018-03-30 15:47:00Sell with price: 0.00585163
Calculate balance is: Symbol: 0 | Coin : 0.09999999999999999

2018-03-30 15:48:00 Buy with price: 0.00587621
Calculate balance is: Symbol: 17.017771658943435 | Coin : 0

2018-03-30 15:50:00Sell with price: 0.00583761
Calculate balance is: Symbol: 0 | Coin : 0.09934311401396478

2018-03-30 15:51:00 Buy with price: 0.00585622
Calculate balance is: Symbol: 16.963692281704716 | Coin : 0

2018-03-30 15:52:00Sell with price: 0.00583346
Calculate balance is: Symbol: 0 | Coin : 0.0989570203776332

2018-03-30 15:53:00 Buy with price: 0.00585622
Calculate balance is: Symbol: 16.897763468181388 | Coin : 0

2018-03-30 15:54:00Sell with price: 0.005835122201988
Calculate balance is: Symbol: 0 | Coin : 0.09860051477712696

2018-03-30 15:59:00 Buy with price: 0.0058562
Calculate balance is: Symbol: 16.836944567659398 | Coin : 0

2018-03-30 16:01:00Sell with price: 0.0058288
Calculate balance is: Symbol: 0 | Coin : 0.0981391824959731

2018-03-30 16:18:41.286681
2018-03-30 16:30:00 Buy with price: 0.005867596774721999
Calculate balance is: Symbol: 17.04275256793492 | Coin : 0

2018-03-30 16:41:00Sell with price: 0.00584505
Calculate balance is: Symbol: 0 | Coin : 0.099615740897208

2018-03-30 16:42:00 Buy with price: 0.00586098
Calculate balance is: Symbol: 16.99643078413644 | Coin : 0

2018-03-30 16:45:00Sell with price: 0.00584705
Calculate balance is: Symbol: 0 | Coin : 0.09937898061638498

2018-03-30 16:45:00 Buy with price: 0.005863997270614
Calculate balance is: Symbol: 16.947310176012298 | Coin : 0

2018-03-30 16:48:00Sell with price: 0.00584101
Calculate balance is: Symbol: 0 | Coin : 0.0989894082111896

2018-03-30 16:48:00 Buy with price: 0.0058600618702280005
Calculate balance is: Symbol: 16.892212130746355 | Coin : 0

2018-03-30 16:55:00Sell with price: 0.00584362
Calculate balance is: Symbol: 0 | Coin : 0.09871166865147202

2018-03-30 18:41:00 Buy with price: 0.00569
Calculate balance is: Symbol: 17.34827217073322 | Coin : 0

2018-03-30 18:47:00Sell with price: 0.00566649
Calculate balance is: Symbol: 0 | Coin : 0.09830381077273809

2018-03-30 18:48:00 Buy with price: 0.005690316774722
Calculate balance is: Symbol: 17.27563063086953 | Coin : 0

2018-03-30 18:50:00Sell with price: 0.00568411
Calculate balance is: Symbol: 0 | Coin : 0.0981965848252318

2018-03-30 18:51:00 Buy with price: 0.00568996
Calculate balance is: Symbol: 17.257869093145086 | Coin : 0

2018-03-30 18:52:00Sell with price: 0.005673666387678
Calculate balance is: Symbol: 0 | Coin : 0.09791539179672427

2018-03-30 18:53:00 Buy with price: 0.00567367
Calculate balance is: Symbol: 17.25785810537523 | Coin : 0

2018-03-30 18:54:00Sell with price: 0.00566648
Calculate balance is: Symbol: 0 | Coin : 0.09779130779694664

2018-03-30 18:55:00 Buy with price: 0.00568045
Calculate balance is: Symbol: 17.21541564434977 | Coin : 0

2018-03-30 18:56:00Sell with price: 0.00566648
Calculate balance is: Symbol: 0 | Coin : 0.09755080844039507

2018-03-30 18:57:00 Buy with price: 0.00568045
Calculate balance is: Symbol: 17.173077562586602 | Coin : 0

2018-03-30 18:58:00Sell with price: 0.00566648
Calculate balance is: Symbol: 0 | Coin : 0.09731090054684573

2018-03-30 19:06:00 Buy with price: 0.00571448769623
Calculate balance is: Symbol: 17.02880568122394 | Coin : 0

2018-03-30 19:21:00Sell with price: 0.00571696
Calculate balance is: Symbol: 0 | Coin : 0.09735300092733001

2018-03-30 19:22:00 Buy with price: 0.00571841
Calculate balance is: Symbol: 17.024487738257665 | Coin : 0

2018-03-30 19:25:00Sell with price: 0.00572746
Calculate balance is: Symbol: 0 | Coin : 0.09750707254136125

2018-03-30 19:26:00 Buy with price: 0.00573372
Calculate balance is: Symbol: 17.005900626706786 | Coin : 0

2018-03-30 19:27:00Sell with price: 0.00572007
Calculate balance is: Symbol: 0 | Coin : 0.09727494199780669

2018-03-30 19:28:00 Buy with price: 0.0057299941930200006
Calculate balance is: Symbol: 16.97644687254697 | Coin : 0

2018-03-30 19:30:00Sell with price: 0.00571662
Calculate balance is: Symbol: 0 | Coin : 0.09704789572053946

2018-03-30 19:31:00 Buy with price: 0.00571835
Calculate balance is: Symbol: 16.971310906212363 | Coin : 0

2018-03-30 19:32:00Sell with price: 0.00571662
Calculate balance is: Symbol: 0 | Coin : 0.09701853535267173

2018-03-30 20:09:00 Buy with price: 0.0057003
Calculate balance is: Symbol: 17.019899891702494 | Coin : 0

2018-03-30 20:24:00Sell with price: 0.005700926469578
Calculate balance is: Symbol: 0 | Coin : 0.09702919780217448

2018-03-30 20:26:00 Buy with price: 0.0057051847737180006
Calculate balance is: Symbol: 17.00719637498116 | Coin : 0

2018-03-30 20:26:00Sell with price: 0.00569
Calculate balance is: Symbol: 0 | Coin : 0.0967709473736428

2018-03-30 20:27:00 Buy with price: 0.005699130967742
Calculate balance is: Symbol: 16.979947981785635 | Coin : 0

2018-03-30 20:30:00Sell with price: 0.00570334
Calculate balance is: Symbol: 0 | Coin : 0.09684241652243729

2018-03-30 20:35:00 Buy with price: 0.00570661
Calculate balance is: Symbol: 16.970218136938968 | Coin : 0

2018-03-30 20:37:00Sell with price: 0.00568009
Calculate balance is: Symbol: 0 | Coin : 0.09639236633744565

2018-03-30 20:52:00 Buy with price: 0.00570709
Calculate balance is: Symbol: 16.889932756877087 | Coin : 0

2018-03-30 21:01:00Sell with price: 0.00570945
Calculate balance is: Symbol: 0 | Coin : 0.09643222657875188

2018-03-30 21:02:00 Buy with price: 0.00572
Calculate balance is: Symbol: 16.858780870411167 | Coin : 0

2018-03-30 21:14:00Sell with price: 0.00577072
Calculate balance is: Symbol: 0 | Coin : 0.09728730394449912

2018-03-30 21:15:00 Buy with price: 0.00579997
Calculate balance is: Symbol: 16.773759854705993 | Coin : 0

2018-03-30 21:16:00Sell with price: 0.00577932
Calculate balance is: Symbol: 0 | Coin : 0.09694092580349944

2018-03-30 21:17:00 Buy with price: 0.00579638
Calculate balance is: Symbol: 16.72439105157002 | Coin : 0

2018-03-30 21:18:00Sell with price: 0.0058
Calculate balance is: Symbol: 0 | Coin : 0.0970014680991061

2018-03-30 21:19:00 Buy with price: 0.005805
Calculate balance is: Symbol: 16.70998589131888 | Coin : 0

2018-03-30 21:20:00Sell with price: 0.00579426
Calculate balance is: Symbol: 0 | Coin : 0.09682200285063333

2018-03-30 21:21:00 Buy with price: 0.0058112
Calculate balance is: Symbol: 16.661275270276935 | Coin : 0

2018-03-30 21:24:00Sell with price: 0.00578286
Calculate balance is: Symbol: 0 | Coin : 0.09634982230947367

2018-03-30 21:25:00 Buy with price: 0.005814250128133999
Calculate balance is: Symbol: 16.57132393449261 | Coin : 0

2018-03-30 21:28:00Sell with price: 0.00581036
Calculate balance is: Symbol: 0 | Coin : 0.09628535773601848

2018-03-30 21:29:00 Buy with price: 0.005821757677207999
Calculate balance is: Symbol: 16.538881051846708 | Coin : 0

2018-03-30 21:31:00Sell with price: 0.00580001
Calculate balance is: Symbol: 0 | Coin : 0.09592567548952144

2018-03-30 21:32:00 Buy with price: 0.00579155
Calculate balance is: Symbol: 16.563040203317147 | Coin : 0

2018-03-30 21:33:00Sell with price: 0.0057901
Calculate balance is: Symbol: 0 | Coin : 0.09590165908122662

2018-03-30 21:46:00 Buy with price: 0.00583395
Calculate balance is: Symbol: 16.43854662470995 | Coin : 0

2018-03-30 21:49:00Sell with price: 0.00580468
Calculate balance is: Symbol: 0 | Coin : 0.09542050282152136

2018-03-30 21:50:00 Buy with price: 0.00582074
Calculate balance is: Symbol: 16.39319104126303 | Coin : 0

2018-03-30 21:51:00Sell with price: 0.00580467
Calculate balance is: Symbol: 0 | Coin : 0.09515706424148827

2018-03-30 21:52:00 Buy with price: 0.005819902450926001
Calculate balance is: Symbol: 16.35028508533642 | Coin : 0

2018-03-30 21:53:00Sell with price: 0.005805
Calculate balance is: Symbol: 0 | Coin : 0.09491340492037792

2018-03-30 21:54:00 Buy with price: 0.005815
Calculate balance is: Symbol: 16.3221676561269 | Coin : 0

2018-03-30 21:55:00Sell with price: 0.00580466
Calculate balance is: Symbol: 0 | Coin : 0.09474463370681357

2018-03-30 21:57:00 Buy with price: 0.00580456
Calculate balance is: Symbol: 16.3224488517327 | Coin : 0

2018-03-30 21:58:00Sell with price: 0.00579616
Calculate balance is: Symbol: 0 | Coin : 0.09460752513645901

2018-03-30 21:59:00 Buy with price: 0.0057959
Calculate balance is: Symbol: 16.323181065314966 | Coin : 0

2018-03-30 22:00:00Sell with price: 0.00578694
Calculate balance is: Symbol: 0 | Coin : 0.09446126943411379

2018-03-30 22:14:00 Buy with price: 0.00582074
Calculate balance is: Symbol: 16.228395261446792 | Coin : 0

2018-03-30 22:24:00Sell with price: 0.00584997
Calculate balance is: Symbol: 0 | Coin : 0.09493562542760589

2018-03-30 22:25:00 Buy with price: 0.0058732972899
Calculate balance is: Symbol: 16.163940073468048 | Coin : 0

2018-03-30 22:26:00Sell with price: 0.00586169
Calculate balance is: Symbol: 0 | Coin : 0.09474800588924692

2018-03-30 22:27:00 Buy with price: 0.0058762
Calculate balance is: Symbol: 16.124026733134837 | Coin : 0

2018-03-30 22:28:00Sell with price: 0.00584005
Calculate balance is: Symbol: 0 | Coin : 0.0941651223228441

2018-03-30 22:29:00 Buy with price: 0.005842393549444
Calculate balance is: Symbol: 16.117558929559866 | Coin : 0

2018-03-30 22:31:00Sell with price: 0.005823589160392
Calculate balance is: Symbol: 0 | Coin : 0.09386204147416412

2018-03-30 22:31:00 Buy with price: 0.0058402
Calculate balance is: Symbol: 16.071716974446787 | Coin : 0

2018-03-30 22:33:00Sell with price: 0.00581534
Calculate balance is: Symbol: 0 | Coin : 0.09346249859017937

2018-03-30 22:34:00 Buy with price: 0.00584856
Calculate balance is: Symbol: 15.980429129594185 | Coin : 0

2018-03-30 22:35:00Sell with price: 0.00583
Calculate balance is: Symbol: 0 | Coin : 0.0931659018255341

2018-03-30 23:12:00 Buy with price: 0.00584391
Calculate balance is: Symbol: 15.94239162231008 | Coin : 0

2018-03-30 23:19:00Sell with price: 0.00582825
Calculate balance is: Symbol: 0 | Coin : 0.09291624397272873

2018-03-30 23:20:00 Buy with price: 0.00584614
Calculate balance is: Symbol: 15.893605690717077 | Coin : 0

2018-03-30 23:32:00Sell with price: 0.00582825
Calculate balance is: Symbol: 0 | Coin : 0.09263190736692181

2018-03-30 23:33:00 Buy with price: 0.005850356774721999
Calculate balance is: Symbol: 15.833548437107675 | Coin : 0

2018-03-30 23:34:00Sell with price: 0.00582825
Calculate balance is: Symbol: 0 | Coin : 0.0922818786785728

2018-03-30 23:58:00 Buy with price: 0.005851231870228
Calculate balance is: Symbol: 15.771359044600114 | Coin : 0

2018-03-31 00:03:00Sell with price: 0.005832345550712
Calculate balance is: Symbol: 0 | Coin : 0.09198401575245493

2018-03-31 00:04:00 Buy with price: 0.0058505062429
Calculate balance is: Symbol: 15.722402803019653 | Coin : 0

2018-03-31 00:05:00Sell with price: 0.0058270451808399995
Calculate balance is: Symbol: 0 | Coin : 0.09161515148456097

2018-03-31 00:06:00 Buy with price: 0.005855216651607999
Calculate balance is: Symbol: 15.646756889755906 | Coin : 0

2018-03-31 00:07:00Sell with price: 0.00583813
Calculate balance is: Symbol: 0 | Coin : 0.09134780080079065

2018-03-31 00:08:00 Buy with price: 0.00584872
Calculate balance is: Symbol: 15.618426048911667 | Coin : 0

2018-03-31 00:09:00Sell with price: 0.00583813
Calculate balance is: Symbol: 0 | Coin : 0.09118240166893268

2018-03-31 00:10:00 Buy with price: 0.005853702393596001
Calculate balance is: Symbol: 15.576876912753027 | Coin : 0

2018-03-31 00:14:00Sell with price: 0.00579999
Calculate balance is: Symbol: 0 | Coin : 0.09034573032519842

2018-03-31 00:41:00 Buy with price: 0.005785082876014
Calculate balance is: Symbol: 15.617015738838965 | Coin : 0

2018-03-31 00:44:00Sell with price: 0.00575749
Calculate balance is: Symbol: 0 | Coin : 0.08991481194620796

2018-03-31 00:47:00 Buy with price: 0.0057728
Calculate balance is: Symbol: 15.575597967400215 | Coin : 0

2018-03-31 00:48:00Sell with price: 0.00575475
Calculate balance is: Symbol: 0 | Coin : 0.0896336724028964

2018-03-31 00:49:00 Buy with price: 0.005782004931706
Calculate balance is: Symbol: 15.502178476428535 | Coin : 0

2018-03-31 01:03:00Sell with price: 0.0058004
Calculate balance is: Symbol: 0 | Coin : 0.08991883603467607

2018-03-31 01:04:00 Buy with price: 0.00581947
Calculate balance is: Symbol: 15.451378911597804 | Coin : 0

2018-03-31 01:07:00Sell with price: 0.00580001
Calculate balance is: Symbol: 0 | Coin : 0.08961815220105639

2018-03-31 01:08:00 Buy with price: 0.00581167
Calculate balance is: Symbol: 15.420378686514615 | Coin : 0

2018-03-31 01:09:00Sell with price: 0.005790719401335999
Calculate balance is: Symbol: 0 | Coin : 0.08929508603594831

2018-03-31 01:10:00 Buy with price: 0.005800601679216
Calculate balance is: Symbol: 15.394107538171331 | Coin : 0

2018-03-31 01:11:00Sell with price: 0.005763729160392
Calculate balance is: Symbol: 0 | Coin : 0.0887274665159684

2018-03-31 02:19:00 Buy with price: 0.00571889
Calculate balance is: Symbol: 15.514805585693797 | Coin : 0

2018-03-31 02:25:00Sell with price: 0.0056826
Calculate balance is: Symbol: 0 | Coin : 0.08816443422126358

2018-03-31 02:26:00 Buy with price: 0.00572245
Calculate balance is: Symbol: 15.40676357526297 | Coin : 0

2018-03-31 02:27:00Sell with price: 0.00568701
Calculate balance is: Symbol: 0 | Coin : 0.08761841852015627

2018-03-31 02:28:00 Buy with price: 0.00570243
Calculate balance is: Symbol: 15.365101986373576 | Coin : 0

2018-03-31 02:29:00Sell with price: 0.00570385
Calculate balance is: Symbol: 0 | Coin : 0.08764023696497691

2018-03-31 02:30:00 Buy with price: 0.00571096
Calculate balance is: Symbol: 15.345972825055142 | Coin : 0

2018-03-31 02:31:00Sell with price: 0.00567373
Calculate balance is: Symbol: 0 | Coin : 0.08706890639670012

2018-03-31 02:32:00 Buy with price: 0.00571709
Calculate balance is: Symbol: 15.229584700730637 | Coin : 0

2018-03-31 02:33:00Sell with price: 0.00569532
Calculate balance is: Symbol: 0 | Coin : 0.08673735833776522

2018-03-31 02:39:00 Buy with price: 0.00572836
Calculate balance is: Symbol: 15.141743594635326 | Coin : 0

2018-03-31 02:40:00Sell with price: 0.00569042
Calculate balance is: Symbol: 0 | Coin : 0.08616288058578475

2018-03-31 03:28:00 Buy with price: 0.005669883740456001
Calculate balance is: Symbol: 15.196586831400372 | Coin : 0

2018-03-31 03:32:00Sell with price: 0.00565001
Calculate balance is: Symbol: 0 | Coin : 0.08586086756328042

2018-03-31 03:33:00 Buy with price: 0.00566618
Calculate balance is: Symbol: 15.153219199404258 | Coin : 0

2018-03-31 03:34:00Sell with price: 0.00565
Calculate balance is: Symbol: 0 | Coin : 0.08561568847663406

2018-03-31 03:35:00 Buy with price: 0.005666215534332
Calculate balance is: Symbol: 15.109853827106038 | Coin : 0

2018-03-31 03:40:00Sell with price: 0.00565
Calculate balance is: Symbol: 0 | Coin : 0.08537067412314911

2018-03-31 03:41:00 Buy with price: 0.00565992
Calculate balance is: Symbol: 15.083371164813126 | Coin : 0

2018-03-31 03:53:00Sell with price: 0.00568698
Calculate balance is: Symbol: 0 | Coin : 0.08577883014686896

2018-03-31 03:54:00 Buy with price: 0.00569971
Calculate balance is: Symbol: 15.049683255265435 | Coin : 0

2018-03-31 03:56:00Sell with price: 0.00566451
Calculate balance is: Symbol: 0 | Coin : 0.08524908129628361

2018-03-31 03:57:00 Buy with price: 0.00567295
Calculate balance is: Symbol: 15.027292906915028 | Coin : 0

2018-03-31 03:58:00Sell with price: 0.00565
Calculate balance is: Symbol: 0 | Coin : 0.0849042049240699

2018-03-31 05:32:00 Buy with price: 0.005560017284352
Calculate balance is: Symbol: 15.270492982642802 | Coin : 0

2018-03-31 05:36:00Sell with price: 0.005541023686031999
Calculate balance is: Symbol: 0 | Coin : 0.08461416331420919

2018-03-31 05:37:00 Buy with price: 0.00555687
Calculate balance is: Symbol: 15.226946700968204 | Coin : 0

2018-03-31 05:39:00Sell with price: 0.005525
Calculate balance is: Symbol: 0 | Coin : 0.08412888052284934

2018-03-31 05:40:00 Buy with price: 0.005520760719664
Calculate balance is: Symbol: 15.238639164924635 | Coin : 0

2018-03-31 05:40:00Sell with price: 0.005511503686032
Calculate balance is: Symbol: 0 | Coin : 0.08398781592759373

2018-03-31 06:13:00 Buy with price: 0.005507838333994
Calculate balance is: Symbol: 15.248780162850224 | Coin : 0

2018-03-31 06:16:00Sell with price: 0.00549067
Calculate balance is: Symbol: 0 | Coin : 0.08372601977675684

2018-03-31 06:27:00 Buy with price: 0.005512
Calculate balance is: Symbol: 15.189771367336146 | Coin : 0

2018-03-31 06:30:00Sell with price: 0.00547888
Calculate balance is: Symbol: 0 | Coin : 0.08322293454907066

2018-03-31 06:38:00 Buy with price: 0.00552705866952
Calculate balance is: Symbol: 15.057364056585671 | Coin : 0

2018-03-31 07:02:00Sell with price: 0.00561755
Calculate balance is: Symbol: 0 | Coin : 0.08458549545607283

2018-03-31 07:03:00 Buy with price: 0.00560442
Calculate balance is: Symbol: 15.092640354590277 | Coin : 0

2018-03-31 07:06:00Sell with price: 0.00560453
Calculate balance is: Symbol: 0 | Coin : 0.08458715564651184

2018-03-31 07:07:00 Buy with price: 0.005627229678212
Calculate balance is: Symbol: 15.031758162284328 | Coin : 0

2018-03-31 07:08:00Sell with price: 0.00561755
Calculate balance is: Symbol: 0 | Coin : 0.08444165306454032

2018-03-31 07:09:00 Buy with price: 0.00563516
Calculate balance is: Symbol: 14.98478358459038 | Coin : 0

2018-03-31 07:17:00Sell with price: 0.00562402
Calculate balance is: Symbol: 0 | Coin : 0.084274722575408

2018-03-31 07:18:00 Buy with price: 0.00563487
Calculate balance is: Symbol: 14.955930230051091 | Coin : 0

2018-03-31 07:19:00Sell with price: 0.00561279
Calculate balance is: Symbol: 0 | Coin : 0.08394449563592847

2018-03-31 07:25:26.676448
2018-03-31 08:06:00 Buy with price: 0.00554821
Calculate balance is: Symbol: 18.023831109492974 | Coin : 0

2018-03-31 08:22:00Sell with price: 0.00557871
Calculate balance is: Symbol: 0 | Coin : 0.10054972684883955

2018-03-31 08:23:00 Buy with price: 0.00560261
Calculate balance is: Symbol: 17.94694380812506 | Coin : 0

2018-03-31 08:27:00Sell with price: 0.00559286
Calculate balance is: Symbol: 0 | Coin : 0.10037474414671031

2018-03-31 08:28:00 Buy with price: 0.00560957
Calculate balance is: Symbol: 17.893482770820277 | Coin : 0

2018-03-31 08:33:00Sell with price: 0.00556942
Calculate balance is: Symbol: 0 | Coin : 0.09965632081346187

2018-03-31 08:35:00 Buy with price: 0.0055813
Calculate balance is: Symbol: 17.85539584209089 | Coin : 0

2018-03-31 08:35:00Sell with price: 0.005553006078352
Calculate balance is: Symbol: 0 | Coin : 0.09915112164251175

2018-03-31 08:36:00 Buy with price: 0.005579563846171
Calculate balance is: Symbol: 17.77040721750225 | Coin : 0

2018-03-31 08:37:00Sell with price: 0.00553501
Calculate balance is: Symbol: 0 | Coin : 0.09835938165294712

2018-03-31 09:07:00 Buy with price: 0.00559223
Calculate balance is: Symbol: 17.58857944915483 | Coin : 0

2018-03-31 09:18:00Sell with price: 0.005585418177865
Calculate balance is: Symbol: 0 | Coin : 0.09823957137813216

2018-03-31 09:20:00 Buy with price: 0.00560957
Calculate balance is: Symbol: 17.512852389422388 | Coin : 0

2018-03-31 09:30:00Sell with price: 0.00562394978628
Calculate balance is: Symbol: 0 | Coin : 0.09849140245264523

2018-03-31 09:31:00 Buy with price: 0.005640303926108
Calculate balance is: Symbol: 17.46207362988817 | Coin : 0

2018-03-31 09:34:00Sell with price: 0.00561039
Calculate balance is: Symbol: 0 | Coin : 0.09796904327238828

2018-03-31 09:35:00 Buy with price: 0.0056127221678539995
Calculate balance is: Symbol: 17.45481788382309 | Coin : 0

2018-03-31 09:36:00Sell with price: 0.00560357
Calculate balance is: Symbol: 0 | Coin : 0.09780929384925456

2018-03-31 09:37:00 Buy with price: 0.005603872167854001
Calculate balance is: Symbol: 17.45387669803156 | Coin : 0

2018-03-31 09:38:00Sell with price: 0.00558112
Calculate balance is: Symbol: 0 | Coin : 0.09741218031691791

2018-03-31 09:56:00 Buy with price: 0.00564555
Calculate balance is: Symbol: 17.25468383362434 | Coin : 0

2018-03-31 10:03:00Sell with price: 0.00563253
Calculate balance is: Symbol: 0 | Coin : 0.09718752433340411

2018-03-31 10:04:00 Buy with price: 0.00564856
Calculate balance is: Symbol: 17.205716914293927 | Coin : 0

2018-03-31 10:06:00Sell with price: 0.005629487480629
Calculate balance is: Symbol: 0 | Coin : 0.0968593679642643

2018-03-31 10:07:00 Buy with price: 0.005634392805892001
Calculate balance is: Symbol: 17.190737547260895 | Coin : 0

2018-03-31 10:08:00Sell with price: 0.00563001
Calculate balance is: Symbol: 0 | Coin : 0.09678402429845431

2018-03-31 10:09:00 Buy with price: 0.00564864
Calculate balance is: Symbol: 17.13404010495523 | Coin : 0

2018-03-31 10:13:00Sell with price: 0.00560494
Calculate balance is: Symbol: 0 | Coin : 0.09603526674586776

2018-03-31 10:14:00 Buy with price: 0.00563506
Calculate balance is: Symbol: 17.042456823151444 | Coin : 0

2018-03-31 10:16:00Sell with price: 0.00562352
Calculate balance is: Symbol: 0 | Coin : 0.09583859679412861

2018-03-31 10:17:00 Buy with price: 0.00562069
Calculate balance is: Symbol: 17.051037647357994 | Coin : 0

2018-03-31 10:18:00Sell with price: 0.005607
Calculate balance is: Symbol: 0 | Coin : 0.09560516808873627

2018-03-31 10:38:00 Buy with price: 0.00563715
Calculate balance is: Symbol: 16.95984107017487 | Coin : 0

2018-03-31 10:44:00Sell with price: 0.00564592
Calculate balance is: Symbol: 0 | Coin : 0.0957539058949217

2018-03-31 10:45:00 Buy with price: 0.00564999
Calculate balance is: Symbol: 16.947623959497577 | Coin : 0

2018-03-31 10:49:00Sell with price: 0.0056170235645560005
Calculate balance is: Symbol: 0 | Coin : 0.09519520314373175

2018-03-31 10:50:00 Buy with price: 0.0056362725193710005
Calculate balance is: Symbol: 16.88974456372727 | Coin : 0

2018-03-31 10:51:00Sell with price: 0.00561033
Calculate balance is: Symbol: 0 | Coin : 0.09475704061821602

2018-03-31 10:52:00 Buy with price: 0.00564318
Calculate balance is: Symbol: 16.791426220360865 | Coin : 0

2018-03-31 10:53:00Sell with price: 0.00562722
Calculate balance is: Symbol: 0 | Coin : 0.09448904945573906

2018-03-31 10:54:00 Buy with price: 0.00564317
Calculate balance is: Symbol: 16.74396650388683 | Coin : 0

2018-03-31 10:55:00Sell with price: 0.00562722
Calculate balance is: Symbol: 0 | Coin : 0.09422198319000205

2018-03-31 10:56:00 Buy with price: 0.00565132868212
Calculate balance is: Symbol: 16.672536405130177 | Coin : 0

2018-03-31 11:00:00Sell with price: 0.00563588
Calculate balance is: Symbol: 0 | Coin : 0.09396441447494507

2018-03-31 11:01:00 Buy with price: 0.00565517
Calculate balance is: Symbol: 16.615665749207373 | Coin : 0

2018-03-31 11:04:00Sell with price: 0.005605774263576
Calculate balance is: Symbol: 0 | Coin : 0.09314367142908793

2018-03-31 11:29:00 Buy with price: 0.005628836784954
Calculate balance is: Symbol: 16.54758789206021 | Coin : 0

2018-03-31 11:31:00Sell with price: 0.005600774263576
Calculate balance is: Symbol: 0 | Coin : 0.09267930439011265

2018-03-31 12:14:00 Buy with price: 0.00562437
Calculate balance is: Symbol: 16.478166335094002 | Coin : 0

2018-03-31 12:17:00Sell with price: 0.00557755
Calculate balance is: Symbol: 0 | Coin : 0.09190779664230354

2018-03-31 13:43:00 Buy with price: 0.00548767
Calculate balance is: Symbol: 16.748054573672167 | Coin : 0

2018-03-31 13:55:00Sell with price: 0.00548562
Calculate balance is: Symbol: 0 | Coin : 0.09187346313042752

2018-03-31 13:56:00 Buy with price: 0.00549521
Calculate balance is: Symbol: 16.718826601790926 | Coin : 0

2018-03-31 13:57:00Sell with price: 0.00548562
Calculate balance is: Symbol: 0 | Coin : 0.09171312958331634

2018-03-31 13:58:00 Buy with price: 0.0054707
Calculate balance is: Symbol: 16.764423123789705 | Coin : 0

2018-03-31 13:59:00Sell with price: 0.005439978661158001
Calculate balance is: Symbol: 0 | Coin : 0.09119810406003974

2018-03-31 14:12:00 Buy with price: 0.00549701
Calculate balance is: Symbol: 16.590492660562695 | Coin : 0

2018-03-31 14:21:00Sell with price: 0.005504
Calculate balance is: Symbol: 0 | Coin : 0.09131407160373708

2018-03-31 14:23:00 Buy with price: 0.005522732744463999
Calculate balance is: Symbol: 16.53421880594721 | Coin : 0

2018-03-31 14:24:00Sell with price: 0.00549885
Calculate balance is: Symbol: 0 | Coin : 0.0909191890810828

2018-03-31 14:25:00 Buy with price: 0.00551501
Calculate balance is: Symbol: 16.485770484746684 | Coin : 0

2018-03-31 14:26:00Sell with price: 0.00549983
Calculate balance is: Symbol: 0 | Coin : 0.09066893508512436

2018-03-31 14:27:00 Buy with price: 0.00551479
Calculate balance is: Symbol: 16.441049447961635 | Coin : 0

2018-03-31 14:28:00Sell with price: 0.00545786
Calculate balance is: Symbol: 0 | Coin : 0.0897329461400519

2018-03-31 14:29:00 Buy with price: 0.00546845
Calculate balance is: Symbol: 16.409210313718127 | Coin : 0

2018-03-31 14:30:00Sell with price: 0.0054524
Calculate balance is: Symbol: 0 | Coin : 0.08946957831451671

2018-03-31 16:06:00 Buy with price: 0.00530856
Calculate balance is: Symbol: 16.853831983535404 | Coin : 0

2018-03-31 16:21:00Sell with price: 0.005315449788064
Calculate balance is: Symbol: 0 | Coin : 0.08958569764494953

2018-03-31 16:22:00 Buy with price: 0.005325036643366
Calculate balance is: Symbol: 16.823489422660884 | Coin : 0

2018-03-31 16:24:00Sell with price: 0.0053286
Calculate balance is: Symbol: 0 | Coin : 0.08964564573759079

2018-03-31 16:26:00 Buy with price: 0.005342640564568
Calculate balance is: Symbol: 16.779276961305264 | Coin : 0

2018-03-31 16:27:00Sell with price: 0.00530771
Calculate balance is: Symbol: 0 | Coin : 0.08905953612028956

2018-03-31 16:28:00 Buy with price: 0.005328085387583
Calculate balance is: Symbol: 16.715110521284267 | Coin : 0

2018-03-31 16:28:00Sell with price: 0.00530772
Calculate balance is: Symbol: 0 | Coin : 0.08871912641603093

2018-03-31 16:56:00 Buy with price: 0.00531751
Calculate balance is: Symbol: 16.684336543989748 | Coin : 0

2018-03-31 17:04:00Sell with price: 0.0052984
Calculate balance is: Symbol: 0 | Coin : 0.08840028874467527

2018-03-31 17:07:00 Buy with price: 0.005305823846171
Calculate balance is: Symbol: 16.660992017002265 | Coin : 0

2018-03-31 17:08:00Sell with price: 0.00529514
Calculate balance is: Symbol: 0 | Coin : 0.08822228526890938

2018-03-31 17:14:00 Buy with price: 0.005325039241781999
Calculate balance is: Symbol: 16.567443217448705 | Coin : 0

2018-03-31 17:23:00Sell with price: 0.00533924
Calculate balance is: Symbol: 0 | Coin : 0.08845755552433084

2018-03-31 17:24:00 Buy with price: 0.00536374
Calculate balance is: Symbol: 16.49176796868059 | Coin : 0

2018-03-31 17:25:00Sell with price: 0.0053332851048530005
Calculate balance is: Symbol: 0 | Coin : 0.08795530046005602

2018-03-31 17:26:00 Buy with price: 0.005329183857544001
Calculate balance is: Symbol: 16.504459746785873 | Coin : 0

2018-03-31 17:27:00Sell with price: 0.00532414
Calculate balance is: Symbol: 0 | Coin : 0.08787205431625253

2018-03-31 17:28:00 Buy with price: 0.00533313
Calculate balance is: Symbol: 16.476638356134675 | Coin : 0

2018-03-31 17:29:00Sell with price: 0.005333
Calculate balance is: Symbol: 0 | Coin : 0.08786991235326622

2018-03-31 17:30:00 Buy with price: 0.005343447636711999
Calculate balance is: Symbol: 16.444422838460806 | Coin : 0

2018-03-31 17:31:00Sell with price: 0.00533327
Calculate balance is: Symbol: 0 | Coin : 0.08770254699167787

2018-03-31 17:32:00 Buy with price: 0.00534666321683
Calculate balance is: Symbol: 16.40323009603663 | Coin : 0

2018-03-31 17:37:00Sell with price: 0.00531897
Calculate balance is: Symbol: 0 | Coin : 0.08724828878391595

2018-03-31 18:07:00 Buy with price: 0.00534315
Calculate balance is: Symbol: 16.32899858396563 | Coin : 0

2018-03-31 18:12:00Sell with price: 0.00530348
Calculate balance is: Symbol: 0 | Coin : 0.08660051741009005

2018-03-31 18:13:00 Buy with price: 0.00531868
Calculate balance is: Symbol: 16.282332723549835 | Coin : 0

2018-03-31 18:14:00Sell with price: 0.00530348
Calculate balance is: Symbol: 0 | Coin : 0.08635302595269208

2018-03-31 18:15:00 Buy with price: 0.00531877
Calculate balance is: Symbol: 16.235525497942586 | Coin : 0

2018-03-31 18:16:00Sell with price: 0.00530348
Calculate balance is: Symbol: 0 | Coin : 0.08610478476782855

2018-03-31 18:58:00 Buy with price: 0.00531097
Calculate balance is: Symbol: 16.212628722781066 | Coin : 0

2018-03-31 19:01:00Sell with price: 0.0052758
Calculate balance is: Symbol: 0 | Coin : 0.08553458661564835

2018-03-31 19:49:00 Buy with price: 0.005243431538736
Calculate balance is: Symbol: 16.31271162477457 | Coin : 0

2018-03-31 19:50:00Sell with price: 0.00523211
Calculate balance is: Symbol: 0 | Coin : 0.08534990161909926

2018-03-31 19:51:00 Buy with price: 0.005242610211936001
Calculate balance is: Symbol: 16.28003955449152 | Coin : 0

2018-03-31 19:52:00Sell with price: 0.00522493
Calculate balance is: Symbol: 0 | Coin : 0.08506206706944938

2018-03-31 19:54:00 Buy with price: 0.00523991
Calculate balance is: Symbol: 16.2334977260009 | Coin : 0

2018-03-31 19:55:00Sell with price: 0.005218593356634001
Calculate balance is: Symbol: 0 | Coin : 0.08471602338784144

2018-03-31 20:08:00 Buy with price: 0.00523633
Calculate balance is: Symbol: 16.178511168669935 | Coin : 0

2018-03-31 20:09:00Sell with price: 0.00523293
Calculate balance is: Symbol: 0 | Coin : 0.08466101644986797

2018-03-31 20:14:00 Buy with price: 0.00523993
Calculate balance is: Symbol: 16.156898365029296 | Coin : 0

2018-03-31 20:21:00Sell with price: 0.00523898
Calculate balance is: Symbol: 0 | Coin : 0.08464566739642118

2018-03-31 20:22:00 Buy with price: 0.00524999
Calculate balance is: Symbol: 16.123014976489703 | Coin : 0

2018-03-31 20:29:00Sell with price: 0.00524361
Calculate balance is: Symbol: 0 | Coin : 0.08454280256087117

2018-03-31 20:30:00 Buy with price: 0.00525578625339
Calculate balance is: Symbol: 16.085662255831043 | Coin : 0

2018-03-31 20:32:00Sell with price: 0.00524361
Calculate balance is: Symbol: 0 | Coin : 0.08434693946129822

2018-03-31 20:33:00 Buy with price: 0.00525571
Calculate balance is: Symbol: 16.04862891242063 | Coin : 0

2018-03-31 20:34:00Sell with price: 0.005244
Calculate balance is: Symbol: 0 | Coin : 0.08415901001673379

2018-03-31 20:35:00 Buy with price: 0.0052567
Calculate balance is: Symbol: 16.00985599648711 | Coin : 0

2018-03-31 20:40:00Sell with price: 0.005244
Calculate balance is: Symbol: 0 | Coin : 0.08395568484557842

2018-03-31 20:41:00 Buy with price: 0.005257478182770999
Calculate balance is: Symbol: 15.968812789505263 | Coin : 0

2018-03-31 20:42:00Sell with price: 0.005244
Calculate balance is: Symbol: 0 | Coin : 0.0837404542681656

2018-03-31 20:43:00 Buy with price: 0.005257478182770999
Calculate balance is: Symbol: 15.927874801760847 | Coin : 0

2018-03-31 20:44:00Sell with price: 0.00525148
Calculate balance is: Symbol: 0 | Coin : 0.08364491596395106

2018-03-31 20:45:00 Buy with price: 0.0052659
Calculate balance is: Symbol: 15.884258334558398 | Coin : 0

2018-03-31 20:55:00Sell with price: 0.00528389
Calculate balance is: Symbol: 0 | Coin : 0.08393067377138978

2018-03-31 20:56:00 Buy with price: 0.00529692
Calculate balance is: Symbol: 15.845184328135932 | Coin : 0

2018-03-31 21:00:00Sell with price: 0.00529501
Calculate balance is: Symbol: 0 | Coin : 0.08390040946932305

2018-03-31 21:01:00 Buy with price: 0.00530842
Calculate balance is: Symbol: 15.80515661332808 | Coin : 0

2018-03-31 21:02:00Sell with price: 0.00526773
Calculate balance is: Symbol: 0 | Coin : 0.08325729764672672

2018-03-31 21:03:00 Buy with price: 0.005299560211935999
Calculate balance is: Symbol: 15.71022770138727 | Coin : 0

2018-03-31 21:04:00Sell with price: 0.00525927
Calculate balance is: Symbol: 0 | Coin : 0.08262432924307503

2018-03-31 21:05:00 Buy with price: 0.005287087007817
Calculate balance is: Symbol: 15.627571311180297 | Coin : 0

2018-03-31 21:06:00Sell with price: 0.00527396
Calculate balance is: Symbol: 0 | Coin : 0.08241918599231245

2018-03-31 21:27:00 Buy with price: 0.005300390147163
Calculate balance is: Symbol: 15.549645158937365 | Coin : 0

2018-03-31 21:31:00Sell with price: 0.0052761542635759995
Calculate balance is: Symbol: 0 | Coin : 0.08204232660242128

2018-03-31 21:51:00 Buy with price: 0.00529467
Calculate balance is: Symbol: 15.495267240908552 | Coin : 0

2018-03-31 21:59:00Sell with price: 0.00529221
Calculate balance is: Symbol: 0 | Coin : 0.08200420824500865

2018-03-31 22:00:00 Buy with price: 0.0053036328682120005
Calculate balance is: Symbol: 15.461893815560146 | Coin : 0

2018-03-31 22:02:00Sell with price: 0.00528525
Calculate balance is: Symbol: 0 | Coin : 0.08171997428868925

2018-03-31 22:03:00 Buy with price: 0.0053003
Calculate balance is: Symbol: 15.4179903569023 | Coin : 0

2018-03-31 22:04:00Sell with price: 0.00528525
Calculate balance is: Symbol: 0 | Coin : 0.08148793353381788

2018-03-31 22:05:00 Buy with price: 0.0053004
Calculate balance is: Symbol: 15.373921502871081 | Coin : 0

2018-03-31 22:08:00Sell with price: 0.0052999
Calculate balance is: Symbol: 0 | Coin : 0.08148024657306643

2018-03-31 22:09:00 Buy with price: 0.005299904335708
Calculate balance is: Symbol: 15.37390892588285 | Coin : 0

2018-03-31 22:14:00Sell with price: 0.00529129
Calculate balance is: Symbol: 0 | Coin : 0.08134781056043466

2018-03-31 22:15:00 Buy with price: 0.005304213717294001
Calculate balance is: Symbol: 15.336450395127573 | Coin : 0

2018-03-31 22:23:00Sell with price: 0.00530102
Calculate balance is: Symbol: 0 | Coin : 0.08129883027357916

2018-03-31 22:24:00 Buy with price: 0.00531322
Calculate balance is: Symbol: 15.301235460526605 | Coin : 0

2018-03-31 22:26:00Sell with price: 0.00529804062778
Calculate balance is: Symbol: 0 | Coin : 0.08106656712509798

2018-03-31 22:28:00 Buy with price: 0.0052913
Calculate balance is: Symbol: 15.320727822103828 | Coin : 0

2018-03-31 22:29:00Sell with price: 0.005260674263576
Calculate balance is: Symbol: 0 | Coin : 0.0805973585529944

2018-03-31 22:34:00 Buy with price: 0.00531999
Calculate balance is: Symbol: 15.149907904525083 | Coin : 0

2018-03-31 22:40:00Sell with price: 0.00529672
Calculate balance is: Symbol: 0 | Coin : 0.08024482019605611

2018-03-31 23:32:00 Buy with price: 0.00526163
Calculate balance is: Symbol: 15.250943186057574 | Coin : 0

2018-03-31 23:38:00Sell with price: 0.00521001
Calculate balance is: Symbol: 0 | Coin : 0.07945756650879182

2018-04-01 00:08:00 Buy with price: 0.00522938
Calculate balance is: Symbol: 15.194452594531633 | Coin : 0

2018-04-01 00:22:00Sell with price: 0.005242084263576
Calculate balance is: Symbol: 0 | Coin : 0.07965060083944579

2018-04-01 00:23:00 Buy with price: 0.005262444965049
Calculate balance is: Symbol: 15.135664385747006 | Coin : 0

2018-04-01 00:24:00Sell with price: 0.005242084263576
Calculate balance is: Symbol: 0 | Coin : 0.07934242809529209

2018-04-01 00:25:00 Buy with price: 0.005262444685441
Calculate balance is: Symbol: 15.077104433002336 | Coin : 0

2018-04-01 00:26:00Sell with price: 0.0052375641834159995
Calculate balance is: Symbol: 0 | Coin : 0.07896730216791563

2018-04-01 00:27:00 Buy with price: 0.005252121472848
Calculate balance is: Symbol: 15.035315267583682 | Coin : 0

2018-04-01 00:28:00Sell with price: 0.00523991
Calculate balance is: Symbol: 0 | Coin : 0.07878369882376442

2018-04-01 00:29:00 Buy with price: 0.005253466595317999
Calculate balance is: Symbol: 14.996516565647934 | Coin : 0

2018-04-01 00:30:00Sell with price: 0.00524132
Calculate balance is: Symbol: 0 | Coin : 0.07860154220586182

2018-04-01 00:39:00 Buy with price: 0.00526264
Calculate balance is: Symbol: 14.935762698163247 | Coin : 0

2018-04-01 01:05:00Sell with price: 0.00533454
Calculate balance is: Symbol: 0 | Coin : 0.07967542354385976

2018-04-01 01:06:00 Buy with price: 0.00534995
Calculate balance is: Symbol: 14.892741716064592 | Coin : 0

2018-04-01 01:07:00Sell with price: 0.00533456
Calculate balance is: Symbol: 0 | Coin : 0.07944622424884953

2018-04-01 01:08:00 Buy with price: 0.005366585736423999
Calculate balance is: Symbol: 14.803867514802471 | Coin : 0

2018-04-01 01:09:00Sell with price: 0.00536
Calculate balance is: Symbol: 0 | Coin : 0.07934872987934125

2018-04-01 01:10:00 Buy with price: 0.005366585736423999
Calculate balance is: Symbol: 14.785700588138731 | Coin : 0

2018-04-01 01:39:00Sell with price: 0.0054355
Calculate balance is: Symbol: 0 | Coin : 0.08036767554682807

2018-04-01 01:40:00 Buy with price: 0.00545
Calculate balance is: Symbol: 14.746362485656526 | Coin : 0

2018-04-01 01:48:00Sell with price: 0.005439644263576
Calculate balance is: Symbol: 0 | Coin : 0.08021496610371384

2018-04-01 01:49:00 Buy with price: 0.00545583
Calculate balance is: Symbol: 14.70261465326336 | Coin : 0

2018-04-01 01:57:00Sell with price: 0.00544061
Calculate balance is: Symbol: 0 | Coin : 0.07999119230869117

2018-04-01 01:58:00 Buy with price: 0.00545998
Calculate balance is: Symbol: 14.650455186409323 | Coin : 0

2018-04-01 02:00:00Sell with price: 0.005421745869315001
Calculate balance is: Symbol: 0 | Coin : 0.07943104489049928

2018-04-01 02:17:00 Buy with price: 0.00544099
Calculate balance is: Symbol: 14.598638279154947 | Coin : 0

2018-04-01 02:19:00Sell with price: 0.00543
Calculate balance is: Symbol: 0 | Coin : 0.07927060585581136

2018-04-01 02:26:00 Buy with price: 0.0054609
Calculate balance is: Symbol: 14.51603322818791 | Coin : 0

2018-04-01 02:29:00Sell with price: 0.005405744263576
Calculate balance is: Symbol: 0 | Coin : 0.0784699633531554

2018-04-01 02:30:00 Buy with price: 0.00542222
Calculate balance is: Symbol: 14.471925401985791 | Coin : 0

2018-04-01 02:31:00Sell with price: 0.00540684
Calculate balance is: Symbol: 0 | Coin : 0.07824738514047286

2018-04-01 02:32:00 Buy with price: 0.005423945736423999
Calculate balance is: Symbol: 14.42628465381021 | Coin : 0

2018-04-01 02:33:00Sell with price: 0.0053810716081920005
Calculate balance is: Symbol: 0 | Coin : 0.07762887076231409

2018-04-01 03:02:00 Buy with price: 0.005357889802336
Calculate balance is: Symbol: 14.488702385866256 | Coin : 0

2018-04-01 03:04:00Sell with price: 0.00533427
Calculate balance is: Symbol: 0 | Coin : 0.0772866504758548

2018-04-01 03:54:00 Buy with price: 0.00533468
Calculate balance is: Symbol: 14.487588848038646 | Coin : 0

2018-04-01 03:58:00Sell with price: 0.00531176
Calculate balance is: Symbol: 0 | Coin : 0.07695459493945775

2018-04-01 04:06:00 Buy with price: 0.00533901
Calculate balance is: Symbol: 14.413645027721946 | Coin : 0

2018-04-01 04:27:00Sell with price: 0.00539911
Calculate balance is: Symbol: 0 | Coin : 0.07782085500562384

2018-04-01 04:28:00 Buy with price: 0.00540415643366
Calculate balance is: Symbol: 14.400185479627053 | Coin : 0

2018-04-01 04:29:00Sell with price: 0.00538424355073
Calculate balance is: Symbol: 0 | Coin : 0.07753410579799776

2018-04-01 04:30:00 Buy with price: 0.00540355223954
Calculate balance is: Symbol: 14.348728828907959 | Coin : 0

2018-04-01 04:31:00Sell with price: 0.005385
Calculate balance is: Symbol: 0 | Coin : 0.07726790474366936

2018-04-01 04:32:00 Buy with price: 0.00540019
Calculate balance is: Symbol: 14.3083678062567 | Coin : 0

2018-04-01 04:33:00Sell with price: 0.005385
Calculate balance is: Symbol: 0 | Coin : 0.07705056063669233

2018-04-01 04:34:00 Buy with price: 0.00539461
Calculate balance is: Symbol: 14.282878769121831 | Coin : 0

2018-04-01 04:35:00Sell with price: 0.00538501
Calculate balance is: Symbol: 0 | Coin : 0.07691344500050876

2018-04-01 04:53:00 Buy with price: 0.005410935530286
Calculate balance is: Symbol: 14.214444908835095 | Coin : 0

2018-04-01 05:02:00Sell with price: 0.00540475
Calculate balance is: Symbol: 0 | Coin : 0.07682552112102647

2018-04-01 05:03:00 Buy with price: 0.00541857
Calculate balance is: Symbol: 14.17819113179796 | Coin : 0

2018-04-01 05:04:00Sell with price: 0.00540474
Calculate balance is: Symbol: 0 | Coin : 0.0766294367376737

2018-04-01 05:05:00 Buy with price: 0.00541842
Calculate balance is: Symbol: 14.142395151662974 | Coin : 0

2018-04-01 05:06:00Sell with price: 0.005398104463916
Calculate balance is: Symbol: 0 | Coin : 0.0763421263986559

2018-04-01 05:07:00 Buy with price: 0.00541831
Calculate balance is: Symbol: 14.089656442443474 | Coin : 0

2018-04-01 05:14:00Sell with price: 0.00540515
Calculate balance is: Symbol: 0 | Coin : 0.07615670651987334

2018-04-01 05:15:00 Buy with price: 0.00541858
Calculate balance is: Symbol: 14.054735100316567 | Coin : 0

2018-04-01 05:16:00Sell with price: 0.00540515559439
Calculate balance is: Symbol: 0 | Coin : 0.07596803005514559

2018-04-01 05:22:00 Buy with price: 0.00541857
Calculate balance is: Symbol: 14.01994069563475 | Coin : 0

2018-04-01 05:24:00Sell with price: 0.0054
Calculate balance is: Symbol: 0 | Coin : 0.07570767975642766

